<?xml version="1.0" encoding="UTF-8"?>
<!-- Generated by org.testng.reporters.JUnitReportReporter -->
<testsuite hostname="DESKTOP-LHVEUFN" failures="0" tests="1" name="Stage_4_package.test2" time="19.376" errors="0" timestamp="2022-05-23T15:39:19 IST" skipped="0">
  <testcase classname="Stage_4_package.test2" name="f" time="19.376"/>
  <system-out>
    <![CDATA[username is agni
password is Test@123
click_login]]>
  </system-out>
</testsuite> <!-- Stage_4_package.test2 -->
